<?xml version="1.0" encoding="UTF-8"?>
<testsuite name="com.service.UserServiceImplTest" tests="2" skipped="0" failures="0" errors="0" timestamp="2021-04-09T02:20:19" hostname="DESKTOP-BKVSUEL" time="0.16">
  <properties/>
  <testcase name="getAllUsersTest()" classname="com.service.UserServiceImplTest" time="0.152"/>
  <testcase name="loginUserTest()" classname="com.service.UserServiceImplTest" time="0.007"/>
  <system-out><![CDATA[]]></system-out>
  <system-err><![CDATA[]]></system-err>
</testsuite>
