<?xml version="1.0" encoding="UTF-8"?>
<testsuite name="com.service.ReimbursementServiceImplTest" tests="6" skipped="0" failures="0" errors="0" timestamp="2021-04-09T02:20:19" hostname="DESKTOP-BKVSUEL" time="0.353">
  <properties/>
  <testcase name="submitANewReimbursementRequest()" classname="com.service.ReimbursementServiceImplTest" time="0.238"/>
  <testcase name="getAllReimbursementsForUser()" classname="com.service.ReimbursementServiceImplTest" time="0.023"/>
  <testcase name="getAllReimbursements()" classname="com.service.ReimbursementServiceImplTest" time="0.058"/>
  <testcase name="getReimbursementsByStatus()" classname="com.service.ReimbursementServiceImplTest" time="0.016"/>
  <testcase name="getReimbursementsForUserByStatus()" classname="com.service.ReimbursementServiceImplTest" time="0.006"/>
  <testcase name="updateACertainReimbursement()" classname="com.service.ReimbursementServiceImplTest" time="0.006"/>
  <system-out><![CDATA[]]></system-out>
  <system-err><![CDATA[]]></system-err>
</testsuite>
